<?xml version="1.0" encoding="UTF-8"?>
<!-- Generated by org.testng.reporters.JUnitReportReporter -->
<testsuite hostname="LAPTOP-0Q0A67KA" failures="0" tests="1" name="ankitlearning.Mavanjava.SeleniumTest" time="0.010" errors="0" timestamp="2022-07-19T12:52:35 IST" skipped="0">
  <testcase classname="ankitlearning.Mavanjava.SeleniumTest" name="selenium2" time="0.010"/>
  <system-out/>
</testsuite> <!-- ankitlearning.Mavanjava.SeleniumTest -->
