<?xml version="1.0" encoding="UTF-8"?>
<!-- Generated by org.testng.reporters.JUnitReportReporter -->
<testsuite hostname="LAPTOP-0Q0A67KA" failures="0" tests="2" name="ankitlearning.Mavanjava.RestApiTest" time="0.005" errors="0" timestamp="2022-07-19T13:29:20 IST" skipped="0">
  <testcase classname="ankitlearning.Mavanjava.RestApiTest" name="rest2" time="0.001"/>
  <system-out/>
  <testcase classname="ankitlearning.Mavanjava.RestApiTest" name="rest1" time="0.004"/>
  <system-out/>
</testsuite> <!-- ankitlearning.Mavanjava.RestApiTest -->
