<?xml version="1.0" encoding="UTF-8"?>
<!-- Generated by org.testng.reporters.JUnitReportReporter -->
<testsuite hostname="LAPTOP-0Q0A67KA" failures="0" tests="2" name="ankitlearning.Mavanjava.SeleniumTest" time="0.001" errors="0" timestamp="2022-07-19T13:29:20 IST" skipped="0">
  <testcase classname="ankitlearning.Mavanjava.SeleniumTest" name="selenium1" time="0.000"/>
  <system-out/>
  <testcase classname="ankitlearning.Mavanjava.SeleniumTest" name="selenium2" time="0.001"/>
  <system-out/>
</testsuite> <!-- ankitlearning.Mavanjava.SeleniumTest -->
